<?xml version="1.0" encoding="UTF-8"?>
<testng-results ignored="0" total="1" passed="1" failed="0" skipped="0">
  <reporter-output>
  </reporter-output>
  <suite started-at="2025-09-14T02:52:24 IST" name="Default suite" finished-at="2025-09-14T02:53:09 IST" duration-ms="44967">
    <groups>
    </groups>
    <test started-at="2025-09-14T02:52:24 IST" name="Default test" finished-at="2025-09-14T02:53:09 IST" duration-ms="44967">
      <class name="tests.FlowOfTest">
        <test-method is-config="true" signature="setup()[pri:0, instance:tests.FlowOfTest@158a8276]" started-at="2025-09-14T02:52:25 IST" name="setup" finished-at="2025-09-14T02:52:29 IST" duration-ms="4647" status="PASS">
          <reporter-output>
          </reporter-output>
        </test-method> <!-- setup -->
        <test-method signature="completeUserJourney()[pri:0, instance:tests.FlowOfTest@158a8276]" started-at="2025-09-14T02:52:29 IST" name="completeUserJourney" finished-at="2025-09-14T02:53:09 IST" duration-ms="39320" status="PASS">
          <reporter-output>
          </reporter-output>
        </test-method> <!-- completeUserJourney -->
        <test-method is-config="true" signature="tearDown()[pri:0, instance:tests.FlowOfTest@158a8276]" started-at="2025-09-14T02:53:09 IST" name="tearDown" finished-at="2025-09-14T02:53:09 IST" duration-ms="780" status="PASS">
          <reporter-output>
          </reporter-output>
        </test-method> <!-- tearDown -->
      </class> <!-- tests.FlowOfTest -->
    </test> <!-- Default test -->
  </suite> <!-- Default suite -->
</testng-results>
